<?xml version="1.0" encoding="UTF-8"?>
<testsuite xmlns:xsi="http://www.w3.org/2001/XMLSchema-instance" xsi:noNamespaceSchemaLocation="https://maven.apache.org/surefire/maven-surefire-plugin/xsd/surefire-test-report.xsd" name="TestSuite" time="17.153" tests="4" errors="0" skipped="0" failures="0">
  <properties>
    <property name="awt.toolkit" value="sun.awt.X11.XToolkit"/>
    <property name="java.specification.version" value="11"/>
    <property name="sun.cpu.isalist" value=""/>
    <property name="sun.jnu.encoding" value="UTF-8"/>
    <property name="java.class.path" value="/home/runner/work/SpringBootDemo/SpringBootDemo/target/test-classes:/home/runner/work/SpringBootDemo/SpringBootDemo/target/classes:/home/runner/.m2/repository/org/springframework/boot/spring-boot-starter/2.4.3/spring-boot-starter-2.4.3.jar:/home/runner/.m2/repository/org/springframework/boot/spring-boot/2.4.3/spring-boot-2.4.3.jar:/home/runner/.m2/repository/org/springframework/spring-context/5.3.4/spring-context-5.3.4.jar:/home/runner/.m2/repository/org/springframework/spring-aop/5.3.4/spring-aop-5.3.4.jar:/home/runner/.m2/repository/org/springframework/spring-beans/5.3.4/spring-beans-5.3.4.jar:/home/runner/.m2/repository/org/springframework/spring-expression/5.3.4/spring-expression-5.3.4.jar:/home/runner/.m2/repository/org/springframework/boot/spring-boot-autoconfigure/2.4.3/spring-boot-autoconfigure-2.4.3.jar:/home/runner/.m2/repository/org/springframework/boot/spring-boot-starter-logging/2.4.3/spring-boot-starter-logging-2.4.3.jar:/home/runner/.m2/repository/ch/qos/logback/logback-classic/1.2.3/logback-classic-1.2.3.jar:/home/runner/.m2/repository/ch/qos/logback/logback-core/1.2.3/logback-core-1.2.3.jar:/home/runner/.m2/repository/org/apache/logging/log4j/log4j-to-slf4j/2.13.3/log4j-to-slf4j-2.13.3.jar:/home/runner/.m2/repository/org/apache/logging/log4j/log4j-api/2.13.3/log4j-api-2.13.3.jar:/home/runner/.m2/repository/org/slf4j/jul-to-slf4j/1.7.30/jul-to-slf4j-1.7.30.jar:/home/runner/.m2/repository/jakarta/annotation/jakarta.annotation-api/1.3.5/jakarta.annotation-api-1.3.5.jar:/home/runner/.m2/repository/org/springframework/spring-core/5.3.4/spring-core-5.3.4.jar:/home/runner/.m2/repository/org/springframework/spring-jcl/5.3.4/spring-jcl-5.3.4.jar:/home/runner/.m2/repository/org/yaml/snakeyaml/1.27/snakeyaml-1.27.jar:/home/runner/.m2/repository/org/springframework/boot/spring-boot-starter-test/2.4.3/spring-boot-starter-test-2.4.3.jar:/home/runner/.m2/repository/org/springframework/boot/spring-boot-test/2.4.3/spring-boot-test-2.4.3.jar:/home/runner/.m2/repository/org/springframework/boot/spring-boot-test-autoconfigure/2.4.3/spring-boot-test-autoconfigure-2.4.3.jar:/home/runner/.m2/repository/com/jayway/jsonpath/json-path/2.4.0/json-path-2.4.0.jar:/home/runner/.m2/repository/net/minidev/json-smart/2.3/json-smart-2.3.jar:/home/runner/.m2/repository/net/minidev/accessors-smart/1.2/accessors-smart-1.2.jar:/home/runner/.m2/repository/org/ow2/asm/asm/5.0.4/asm-5.0.4.jar:/home/runner/.m2/repository/jakarta/xml/bind/jakarta.xml.bind-api/2.3.3/jakarta.xml.bind-api-2.3.3.jar:/home/runner/.m2/repository/jakarta/activation/jakarta.activation-api/1.2.2/jakarta.activation-api-1.2.2.jar:/home/runner/.m2/repository/org/assertj/assertj-core/3.18.1/assertj-core-3.18.1.jar:/home/runner/.m2/repository/org/hamcrest/hamcrest/2.2/hamcrest-2.2.jar:/home/runner/.m2/repository/org/junit/jupiter/junit-jupiter/5.7.1/junit-jupiter-5.7.1.jar:/home/runner/.m2/repository/org/junit/jupiter/junit-jupiter-api/5.7.1/junit-jupiter-api-5.7.1.jar:/home/runner/.m2/repository/org/opentest4j/opentest4j/1.2.0/opentest4j-1.2.0.jar:/home/runner/.m2/repository/org/junit/platform/junit-platform-commons/1.7.1/junit-platform-commons-1.7.1.jar:/home/runner/.m2/repository/org/junit/jupiter/junit-jupiter-params/5.7.1/junit-jupiter-params-5.7.1.jar:/home/runner/.m2/repository/org/junit/jupiter/junit-jupiter-engine/5.7.1/junit-jupiter-engine-5.7.1.jar:/home/runner/.m2/repository/org/junit/platform/junit-platform-engine/1.7.1/junit-platform-engine-1.7.1.jar:/home/runner/.m2/repository/org/mockito/mockito-core/3.6.28/mockito-core-3.6.28.jar:/home/runner/.m2/repository/net/bytebuddy/byte-buddy-agent/1.10.20/byte-buddy-agent-1.10.20.jar:/home/runner/.m2/repository/org/objenesis/objenesis/3.1/objenesis-3.1.jar:/home/runner/.m2/repository/org/mockito/mockito-junit-jupiter/3.6.28/mockito-junit-jupiter-3.6.28.jar:/home/runner/.m2/repository/org/skyscreamer/jsonassert/1.5.0/jsonassert-1.5.0.jar:/home/runner/.m2/repository/com/vaadin/external/google/android-json/0.0.20131108.vaadin1/android-json-0.0.20131108.vaadin1.jar:/home/runner/.m2/repository/org/springframework/spring-test/5.3.4/spring-test-5.3.4.jar:/home/runner/.m2/repository/org/xmlunit/xmlunit-core/2.7.0/xmlunit-core-2.7.0.jar:/home/runner/.m2/repository/io/github/bonigarcia/webdrivermanager/4.3.1/webdrivermanager-4.3.1.jar:/home/runner/.m2/repository/org/slf4j/slf4j-api/1.7.30/slf4j-api-1.7.30.jar:/home/runner/.m2/repository/commons-io/commons-io/2.8.0/commons-io-2.8.0.jar:/home/runner/.m2/repository/com/google/code/gson/gson/2.8.6/gson-2.8.6.jar:/home/runner/.m2/repository/org/apache/commons/commons-lang3/3.11/commons-lang3-3.11.jar:/home/runner/.m2/repository/org/apache/httpcomponents/client5/httpclient5/5.0.3/httpclient5-5.0.3.jar:/home/runner/.m2/repository/org/apache/httpcomponents/core5/httpcore5/5.0.2/httpcore5-5.0.2.jar:/home/runner/.m2/repository/org/apache/httpcomponents/core5/httpcore5-h2/5.0.2/httpcore5-h2-5.0.2.jar:/home/runner/.m2/repository/commons-codec/commons-codec/1.15/commons-codec-1.15.jar:/home/runner/.m2/repository/org/rauschig/jarchivelib/1.1.0/jarchivelib-1.1.0.jar:/home/runner/.m2/repository/org/apache/commons/commons-compress/1.20/commons-compress-1.20.jar:/home/runner/.m2/repository/org/jsoup/jsoup/1.13.1/jsoup-1.13.1.jar:/home/runner/.m2/repository/org/seleniumhq/selenium/selenium-java/3.141.59/selenium-java-3.141.59.jar:/home/runner/.m2/repository/org/seleniumhq/selenium/selenium-api/3.141.59/selenium-api-3.141.59.jar:/home/runner/.m2/repository/org/seleniumhq/selenium/selenium-chrome-driver/3.141.59/selenium-chrome-driver-3.141.59.jar:/home/runner/.m2/repository/org/seleniumhq/selenium/selenium-edge-driver/3.141.59/selenium-edge-driver-3.141.59.jar:/home/runner/.m2/repository/org/seleniumhq/selenium/selenium-firefox-driver/3.141.59/selenium-firefox-driver-3.141.59.jar:/home/runner/.m2/repository/org/seleniumhq/selenium/selenium-ie-driver/3.141.59/selenium-ie-driver-3.141.59.jar:/home/runner/.m2/repository/org/seleniumhq/selenium/selenium-opera-driver/3.141.59/selenium-opera-driver-3.141.59.jar:/home/runner/.m2/repository/org/seleniumhq/selenium/selenium-remote-driver/3.141.59/selenium-remote-driver-3.141.59.jar:/home/runner/.m2/repository/org/seleniumhq/selenium/selenium-safari-driver/3.141.59/selenium-safari-driver-3.141.59.jar:/home/runner/.m2/repository/org/seleniumhq/selenium/selenium-support/3.141.59/selenium-support-3.141.59.jar:/home/runner/.m2/repository/net/bytebuddy/byte-buddy/1.10.20/byte-buddy-1.10.20.jar:/home/runner/.m2/repository/org/apache/commons/commons-exec/1.3/commons-exec-1.3.jar:/home/runner/.m2/repository/com/google/guava/guava/25.0-jre/guava-25.0-jre.jar:/home/runner/.m2/repository/com/google/code/findbugs/jsr305/1.3.9/jsr305-1.3.9.jar:/home/runner/.m2/repository/org/checkerframework/checker-compat-qual/2.0.0/checker-compat-qual-2.0.0.jar:/home/runner/.m2/repository/com/google/errorprone/error_prone_annotations/2.1.3/error_prone_annotations-2.1.3.jar:/home/runner/.m2/repository/com/google/j2objc/j2objc-annotations/1.1/j2objc-annotations-1.1.jar:/home/runner/.m2/repository/org/codehaus/mojo/animal-sniffer-annotations/1.14/animal-sniffer-annotations-1.14.jar:/home/runner/.m2/repository/com/squareup/okhttp3/okhttp/3.14.9/okhttp-3.14.9.jar:/home/runner/.m2/repository/com/squareup/okio/okio/1.14.0/okio-1.14.0.jar:/home/runner/.m2/repository/org/testng/testng/7.4.0/testng-7.4.0.jar:/home/runner/.m2/repository/com/beust/jcommander/1.78/jcommander-1.78.jar:/home/runner/.m2/repository/org/webjars/jquery/3.5.1/jquery-3.5.1.jar:/home/runner/.m2/repository/io/cucumber/cucumber-spring/6.9.1/cucumber-spring-6.9.1.jar:/home/runner/.m2/repository/io/cucumber/cucumber-core/6.9.1/cucumber-core-6.9.1.jar:/home/runner/.m2/repository/io/cucumber/cucumber-gherkin/6.9.1/cucumber-gherkin-6.9.1.jar:/home/runner/.m2/repository/io/cucumber/cucumber-gherkin-messages/6.9.1/cucumber-gherkin-messages-6.9.1.jar:/home/runner/.m2/repository/io/cucumber/messages/13.2.1/messages-13.2.1.jar:/home/runner/.m2/repository/io/cucumber/tag-expressions/3.0.0/tag-expressions-3.0.0.jar:/home/runner/.m2/repository/io/cucumber/cucumber-expressions/10.3.0/cucumber-expressions-10.3.0.jar:/home/runner/.m2/repository/io/cucumber/datatable/3.5.0/datatable-3.5.0.jar:/home/runner/.m2/repository/io/cucumber/cucumber-plugin/6.9.1/cucumber-plugin-6.9.1.jar:/home/runner/.m2/repository/io/cucumber/docstring/6.9.1/docstring-6.9.1.jar:/home/runner/.m2/repository/io/cucumber/html-formatter/9.0.0/html-formatter-9.0.0.jar:/home/runner/.m2/repository/io/cucumber/create-meta/2.0.4/create-meta-2.0.4.jar:/home/runner/.m2/repository/org/apiguardian/apiguardian-api/1.1.0/apiguardian-api-1.1.0.jar:/home/runner/.m2/repository/io/cucumber/cucumber-java/6.9.1/cucumber-java-6.9.1.jar:/home/runner/.m2/repository/io/cucumber/cucumber-testng/6.9.1/cucumber-testng-6.9.1.jar:"/>
    <property name="java.vm.vendor" value="AdoptOpenJDK"/>
    <property name="sun.arch.data.model" value="64"/>
    <property name="java.vendor.url" value="https://adoptopenjdk.net/"/>
    <property name="user.timezone" value=""/>
    <property name="java.vm.specification.version" value="11"/>
    <property name="os.name" value="Linux"/>
    <property name="sun.java.launcher" value="SUN_STANDARD"/>
    <property name="sun.boot.library.path" value="/usr/lib/jvm/adoptopenjdk-11-hotspot-amd64/lib"/>
    <property name="sun.java.command" value="/home/runner/work/SpringBootDemo/SpringBootDemo/target/surefire/surefirebooter2821287288163571345.jar /home/runner/work/SpringBootDemo/SpringBootDemo/target/surefire 2021-04-23T04-04-19_066-jvmRun1 surefire6276133146845961326tmp surefire_012842411838350385601tmp"/>
    <property name="jdk.debug" value="release"/>
    <property name="surefire.test.class.path" value="/home/runner/work/SpringBootDemo/SpringBootDemo/target/test-classes:/home/runner/work/SpringBootDemo/SpringBootDemo/target/classes:/home/runner/.m2/repository/org/springframework/boot/spring-boot-starter/2.4.3/spring-boot-starter-2.4.3.jar:/home/runner/.m2/repository/org/springframework/boot/spring-boot/2.4.3/spring-boot-2.4.3.jar:/home/runner/.m2/repository/org/springframework/spring-context/5.3.4/spring-context-5.3.4.jar:/home/runner/.m2/repository/org/springframework/spring-aop/5.3.4/spring-aop-5.3.4.jar:/home/runner/.m2/repository/org/springframework/spring-beans/5.3.4/spring-beans-5.3.4.jar:/home/runner/.m2/repository/org/springframework/spring-expression/5.3.4/spring-expression-5.3.4.jar:/home/runner/.m2/repository/org/springframework/boot/spring-boot-autoconfigure/2.4.3/spring-boot-autoconfigure-2.4.3.jar:/home/runner/.m2/repository/org/springframework/boot/spring-boot-starter-logging/2.4.3/spring-boot-starter-logging-2.4.3.jar:/home/runner/.m2/repository/ch/qos/logback/logback-classic/1.2.3/logback-classic-1.2.3.jar:/home/runner/.m2/repository/ch/qos/logback/logback-core/1.2.3/logback-core-1.2.3.jar:/home/runner/.m2/repository/org/apache/logging/log4j/log4j-to-slf4j/2.13.3/log4j-to-slf4j-2.13.3.jar:/home/runner/.m2/repository/org/apache/logging/log4j/log4j-api/2.13.3/log4j-api-2.13.3.jar:/home/runner/.m2/repository/org/slf4j/jul-to-slf4j/1.7.30/jul-to-slf4j-1.7.30.jar:/home/runner/.m2/repository/jakarta/annotation/jakarta.annotation-api/1.3.5/jakarta.annotation-api-1.3.5.jar:/home/runner/.m2/repository/org/springframework/spring-core/5.3.4/spring-core-5.3.4.jar:/home/runner/.m2/repository/org/springframework/spring-jcl/5.3.4/spring-jcl-5.3.4.jar:/home/runner/.m2/repository/org/yaml/snakeyaml/1.27/snakeyaml-1.27.jar:/home/runner/.m2/repository/org/springframework/boot/spring-boot-starter-test/2.4.3/spring-boot-starter-test-2.4.3.jar:/home/runner/.m2/repository/org/springframework/boot/spring-boot-test/2.4.3/spring-boot-test-2.4.3.jar:/home/runner/.m2/repository/org/springframework/boot/spring-boot-test-autoconfigure/2.4.3/spring-boot-test-autoconfigure-2.4.3.jar:/home/runner/.m2/repository/com/jayway/jsonpath/json-path/2.4.0/json-path-2.4.0.jar:/home/runner/.m2/repository/net/minidev/json-smart/2.3/json-smart-2.3.jar:/home/runner/.m2/repository/net/minidev/accessors-smart/1.2/accessors-smart-1.2.jar:/home/runner/.m2/repository/org/ow2/asm/asm/5.0.4/asm-5.0.4.jar:/home/runner/.m2/repository/jakarta/xml/bind/jakarta.xml.bind-api/2.3.3/jakarta.xml.bind-api-2.3.3.jar:/home/runner/.m2/repository/jakarta/activation/jakarta.activation-api/1.2.2/jakarta.activation-api-1.2.2.jar:/home/runner/.m2/repository/org/assertj/assertj-core/3.18.1/assertj-core-3.18.1.jar:/home/runner/.m2/repository/org/hamcrest/hamcrest/2.2/hamcrest-2.2.jar:/home/runner/.m2/repository/org/junit/jupiter/junit-jupiter/5.7.1/junit-jupiter-5.7.1.jar:/home/runner/.m2/repository/org/junit/jupiter/junit-jupiter-api/5.7.1/junit-jupiter-api-5.7.1.jar:/home/runner/.m2/repository/org/opentest4j/opentest4j/1.2.0/opentest4j-1.2.0.jar:/home/runner/.m2/repository/org/junit/platform/junit-platform-commons/1.7.1/junit-platform-commons-1.7.1.jar:/home/runner/.m2/repository/org/junit/jupiter/junit-jupiter-params/5.7.1/junit-jupiter-params-5.7.1.jar:/home/runner/.m2/repository/org/junit/jupiter/junit-jupiter-engine/5.7.1/junit-jupiter-engine-5.7.1.jar:/home/runner/.m2/repository/org/junit/platform/junit-platform-engine/1.7.1/junit-platform-engine-1.7.1.jar:/home/runner/.m2/repository/org/mockito/mockito-core/3.6.28/mockito-core-3.6.28.jar:/home/runner/.m2/repository/net/bytebuddy/byte-buddy-agent/1.10.20/byte-buddy-agent-1.10.20.jar:/home/runner/.m2/repository/org/objenesis/objenesis/3.1/objenesis-3.1.jar:/home/runner/.m2/repository/org/mockito/mockito-junit-jupiter/3.6.28/mockito-junit-jupiter-3.6.28.jar:/home/runner/.m2/repository/org/skyscreamer/jsonassert/1.5.0/jsonassert-1.5.0.jar:/home/runner/.m2/repository/com/vaadin/external/google/android-json/0.0.20131108.vaadin1/android-json-0.0.20131108.vaadin1.jar:/home/runner/.m2/repository/org/springframework/spring-test/5.3.4/spring-test-5.3.4.jar:/home/runner/.m2/repository/org/xmlunit/xmlunit-core/2.7.0/xmlunit-core-2.7.0.jar:/home/runner/.m2/repository/io/github/bonigarcia/webdrivermanager/4.3.1/webdrivermanager-4.3.1.jar:/home/runner/.m2/repository/org/slf4j/slf4j-api/1.7.30/slf4j-api-1.7.30.jar:/home/runner/.m2/repository/commons-io/commons-io/2.8.0/commons-io-2.8.0.jar:/home/runner/.m2/repository/com/google/code/gson/gson/2.8.6/gson-2.8.6.jar:/home/runner/.m2/repository/org/apache/commons/commons-lang3/3.11/commons-lang3-3.11.jar:/home/runner/.m2/repository/org/apache/httpcomponents/client5/httpclient5/5.0.3/httpclient5-5.0.3.jar:/home/runner/.m2/repository/org/apache/httpcomponents/core5/httpcore5/5.0.2/httpcore5-5.0.2.jar:/home/runner/.m2/repository/org/apache/httpcomponents/core5/httpcore5-h2/5.0.2/httpcore5-h2-5.0.2.jar:/home/runner/.m2/repository/commons-codec/commons-codec/1.15/commons-codec-1.15.jar:/home/runner/.m2/repository/org/rauschig/jarchivelib/1.1.0/jarchivelib-1.1.0.jar:/home/runner/.m2/repository/org/apache/commons/commons-compress/1.20/commons-compress-1.20.jar:/home/runner/.m2/repository/org/jsoup/jsoup/1.13.1/jsoup-1.13.1.jar:/home/runner/.m2/repository/org/seleniumhq/selenium/selenium-java/3.141.59/selenium-java-3.141.59.jar:/home/runner/.m2/repository/org/seleniumhq/selenium/selenium-api/3.141.59/selenium-api-3.141.59.jar:/home/runner/.m2/repository/org/seleniumhq/selenium/selenium-chrome-driver/3.141.59/selenium-chrome-driver-3.141.59.jar:/home/runner/.m2/repository/org/seleniumhq/selenium/selenium-edge-driver/3.141.59/selenium-edge-driver-3.141.59.jar:/home/runner/.m2/repository/org/seleniumhq/selenium/selenium-firefox-driver/3.141.59/selenium-firefox-driver-3.141.59.jar:/home/runner/.m2/repository/org/seleniumhq/selenium/selenium-ie-driver/3.141.59/selenium-ie-driver-3.141.59.jar:/home/runner/.m2/repository/org/seleniumhq/selenium/selenium-opera-driver/3.141.59/selenium-opera-driver-3.141.59.jar:/home/runner/.m2/repository/org/seleniumhq/selenium/selenium-remote-driver/3.141.59/selenium-remote-driver-3.141.59.jar:/home/runner/.m2/repository/org/seleniumhq/selenium/selenium-safari-driver/3.141.59/selenium-safari-driver-3.141.59.jar:/home/runner/.m2/repository/org/seleniumhq/selenium/selenium-support/3.141.59/selenium-support-3.141.59.jar:/home/runner/.m2/repository/net/bytebuddy/byte-buddy/1.10.20/byte-buddy-1.10.20.jar:/home/runner/.m2/repository/org/apache/commons/commons-exec/1.3/commons-exec-1.3.jar:/home/runner/.m2/repository/com/google/guava/guava/25.0-jre/guava-25.0-jre.jar:/home/runner/.m2/repository/com/google/code/findbugs/jsr305/1.3.9/jsr305-1.3.9.jar:/home/runner/.m2/repository/org/checkerframework/checker-compat-qual/2.0.0/checker-compat-qual-2.0.0.jar:/home/runner/.m2/repository/com/google/errorprone/error_prone_annotations/2.1.3/error_prone_annotations-2.1.3.jar:/home/runner/.m2/repository/com/google/j2objc/j2objc-annotations/1.1/j2objc-annotations-1.1.jar:/home/runner/.m2/repository/org/codehaus/mojo/animal-sniffer-annotations/1.14/animal-sniffer-annotations-1.14.jar:/home/runner/.m2/repository/com/squareup/okhttp3/okhttp/3.14.9/okhttp-3.14.9.jar:/home/runner/.m2/repository/com/squareup/okio/okio/1.14.0/okio-1.14.0.jar:/home/runner/.m2/repository/org/testng/testng/7.4.0/testng-7.4.0.jar:/home/runner/.m2/repository/com/beust/jcommander/1.78/jcommander-1.78.jar:/home/runner/.m2/repository/org/webjars/jquery/3.5.1/jquery-3.5.1.jar:/home/runner/.m2/repository/io/cucumber/cucumber-spring/6.9.1/cucumber-spring-6.9.1.jar:/home/runner/.m2/repository/io/cucumber/cucumber-core/6.9.1/cucumber-core-6.9.1.jar:/home/runner/.m2/repository/io/cucumber/cucumber-gherkin/6.9.1/cucumber-gherkin-6.9.1.jar:/home/runner/.m2/repository/io/cucumber/cucumber-gherkin-messages/6.9.1/cucumber-gherkin-messages-6.9.1.jar:/home/runner/.m2/repository/io/cucumber/messages/13.2.1/messages-13.2.1.jar:/home/runner/.m2/repository/io/cucumber/tag-expressions/3.0.0/tag-expressions-3.0.0.jar:/home/runner/.m2/repository/io/cucumber/cucumber-expressions/10.3.0/cucumber-expressions-10.3.0.jar:/home/runner/.m2/repository/io/cucumber/datatable/3.5.0/datatable-3.5.0.jar:/home/runner/.m2/repository/io/cucumber/cucumber-plugin/6.9.1/cucumber-plugin-6.9.1.jar:/home/runner/.m2/repository/io/cucumber/docstring/6.9.1/docstring-6.9.1.jar:/home/runner/.m2/repository/io/cucumber/html-formatter/9.0.0/html-formatter-9.0.0.jar:/home/runner/.m2/repository/io/cucumber/create-meta/2.0.4/create-meta-2.0.4.jar:/home/runner/.m2/repository/org/apiguardian/apiguardian-api/1.1.0/apiguardian-api-1.1.0.jar:/home/runner/.m2/repository/io/cucumber/cucumber-java/6.9.1/cucumber-java-6.9.1.jar:/home/runner/.m2/repository/io/cucumber/cucumber-testng/6.9.1/cucumber-testng-6.9.1.jar:"/>
    <property name="sun.cpu.endian" value="little"/>
    <property name="user.home" value="/home/runner"/>
    <property name="user.language" value="en"/>
    <property name="java.specification.vendor" value="Oracle Corporation"/>
    <property name="java.version.date" value="2021-01-19"/>
    <property name="java.home" value="/usr/lib/jvm/adoptopenjdk-11-hotspot-amd64"/>
    <property name="file.separator" value="/"/>
    <property name="basedir" value="/home/runner/work/SpringBootDemo/SpringBootDemo"/>
    <property name="java.vm.compressedOopsMode" value="32-bit"/>
    <property name="line.separator" value="&#10;"/>
    <property name="java.specification.name" value="Java Platform API Specification"/>
    <property name="java.vm.specification.vendor" value="Oracle Corporation"/>
    <property name="java.awt.graphicsenv" value="sun.awt.X11GraphicsEnvironment"/>
    <property name="surefire.real.class.path" value="/home/runner/work/SpringBootDemo/SpringBootDemo/target/surefire/surefirebooter2821287288163571345.jar"/>
    <property name="sun.management.compiler" value="HotSpot 64-Bit Tiered Compilers"/>
    <property name="java.runtime.version" value="11.0.10+9"/>
    <property name="user.name" value="runner"/>
    <property name="path.separator" value=":"/>
    <property name="os.version" value="5.4.0-1046-azure"/>
    <property name="java.runtime.name" value="OpenJDK Runtime Environment"/>
    <property name="file.encoding" value="UTF-8"/>
    <property name="java.vm.name" value="OpenJDK 64-Bit Server VM"/>
    <property name="java.vendor.version" value="AdoptOpenJDK"/>
    <property name="localRepository" value="/home/runner/.m2/repository"/>
    <property name="java.vendor.url.bug" value="https://github.com/AdoptOpenJDK/openjdk-support/issues"/>
    <property name="java.io.tmpdir" value="/tmp"/>
    <property name="java.version" value="11.0.10"/>
    <property name="user.dir" value="/home/runner/work/SpringBootDemo/SpringBootDemo"/>
    <property name="os.arch" value="amd64"/>
    <property name="java.vm.specification.name" value="Java Virtual Machine Specification"/>
    <property name="java.awt.printerjob" value="sun.print.PSPrinterJob"/>
    <property name="sun.os.patch.level" value="unknown"/>
    <property name="java.library.path" value="/usr/java/packages/lib:/usr/lib64:/lib64:/lib:/usr/lib"/>
    <property name="java.vm.info" value="mixed mode"/>
    <property name="java.vendor" value="AdoptOpenJDK"/>
    <property name="java.vm.version" value="11.0.10+9"/>
    <property name="sun.io.unicode.encoding" value="UnicodeLittle"/>
    <property name="java.class.version" value="55.0"/>
  </properties>
  <testcase name="runScenario" classname="com.ea.SpringBasic.runner.TestRunner" time="15.974"/>
  <testcase name="runScenario" classname="com.ea.SpringBasic.runner.TestRunner" time="16.007"/>
  <testcase name="runScenario" classname="com.ea.SpringBasic.runner.TestRunner" time="16.09"/>
  <testcase name="runScenario" classname="com.ea.SpringBasic.runner.TestRunner" time="16.23"/>
</testsuite>